# JRE version: Java(TM) SE Runtime Environment (8.0_221-b11) (build 1.8.0_221-b11)
# Java VM: Java HotSpot(TM) 64-Bit Server VM (25.221-b11 mixed mode windows-amd64 compressed oops)
Heap:
 PSYoungGen      total 76288K, used 35100K [0x00000000d6e00000, 0x00000000dc580000, 0x0000000100000000)
  eden space 64512K, 43% used [0x00000000d6e00000,0x00000000d895e568,0x00000000dad00000)
  from space 11776K, 60% used [0x00000000dad00000,0x00000000db3e8d08,0x00000000db880000)
  to   space 11776K, 32% used [0x00000000dba00000,0x00000000dbdc8c98,0x00000000dc580000)
 ParOldGen       total 121344K, used 28559K [0x0000000084a00000, 0x000000008c080000, 0x00000000d6e00000)
  object space 121344K, 23% used [0x0000000084a00000,0x00000000865e3d20,0x000000008c080000)
 Metaspace       used 71333K, capacity 75928K, committed 76248K, reserved 1116160K
  class space    used 9527K, capacity 10373K, committed 10496K, reserved 1048576K
GC Heap History (10 events):
Event: 4218.890 GC heap after
Heap after GC invocations=147 (full 12):
 PSYoungGen      total 72192K, used 4723K [0x00000000d6e00000, 0x00000000dc080000, 0x0000000100000000)
  eden space 60928K, 0% used [0x00000000d6e00000,0x00000000d6e00000,0x00000000da980000)
  from space 11264K, 41% used [0x00000000da980000,0x00000000dae1ce20,0x00000000db480000)
  to   space 10752K, 0% used [0x00000000db600000,0x00000000db600000,0x00000000dc080000)
 ParOldGen       total 121344K, used 28543K [0x0000000084a00000, 0x000000008c080000, 0x00000000d6e00000)
  object space 121344K, 23% used [0x0000000084a00000,0x00000000865dfd20,0x000000008c080000)
 Metaspace       used 70779K, capacity 75210K, committed 75352K, reserved 1114112K
  class space    used 9491K, capacity 10295K, committed 10368K, reserved 1048576K
}
Event: 4219.619 GC heap before
{Heap before GC invocations=148 (full 12):
 PSYoungGen      total 72192K, used 65651K [0x00000000d6e00000, 0x00000000dc080000, 0x0000000100000000)
  eden space 60928K, 100% used [0x00000000d6e00000,0x00000000da980000,0x00000000da980000)
  from space 11264K, 41% used [0x00000000da980000,0x00000000dae1ce20,0x00000000db480000)
  to   space 10752K, 0% used [0x00000000db600000,0x00000000db600000,0x00000000dc080000)
 ParOldGen       total 121344K, used 28543K [0x0000000084a00000, 0x000000008c080000, 0x00000000d6e00000)
  object space 121344K, 23% used [0x0000000084a00000,0x00000000865dfd20,0x000000008c080000)
 Metaspace       used 71197K, capacity 75692K, committed 75864K, reserved 1114112K
  class space    used 9520K, capacity 10338K, committed 10368K, reserved 1048576K
Event: 4219.627 GC heap after
Heap after GC invocations=148 (full 12):
 PSYoungGen      total 73216K, used 8160K [0x00000000d6e00000, 0x00000000dc200000, 0x0000000100000000)
  eden space 62464K, 0% used [0x00000000d6e00000,0x00000000d6e00000,0x00000000dab00000)
  from space 10752K, 75% used [0x00000000db600000,0x00000000dbdf8130,0x00000000dc080000)
  to   space 11264K, 0% used [0x00000000dab00000,0x00000000dab00000,0x00000000db600000)
 ParOldGen       total 121344K, used 28551K [0x0000000084a00000, 0x000000008c080000, 0x00000000d6e00000)
  object space 121344K, 23% used [0x0000000084a00000,0x00000000865e1d20,0x000000008c080000)
 Metaspace       used 71197K, capacity 75692K, committed 75864K, reserved 1114112K
  class space    used 9520K, capacity 10338K, committed 10368K, reserved 1048576K
}
Event: 4238.118 GC heap before
{Heap before GC invocations=149 (full 12):
 PSYoungGen      total 73216K, used 70624K [0x00000000d6e00000, 0x00000000dc200000, 0x0000000100000000)
  eden space 62464K, 100% used [0x00000000d6e00000,0x00000000dab00000,0x00000000dab00000)
  from space 10752K, 75% used [0x00000000db600000,0x00000000dbdf8130,0x00000000dc080000)
  to   space 11264K, 0% used [0x00000000dab00000,0x00000000dab00000,0x00000000db600000)
 ParOldGen       total 121344K, used 28551K [0x0000000084a00000, 0x000000008c080000, 0x00000000d6e00000)
  object space 121344K, 23% used [0x0000000084a00000,0x00000000865e1d20,0x000000008c080000)
 Metaspace       used 71201K, capacity 75698K, committed 75864K, reserved 1114112K
  class space    used 9521K, capacity 10339K, committed 10368K, reserved 1048576K
Event: 4238.126 GC heap after
Heap after GC invocations=149 (full 12):
 PSYoungGen      total 73728K, used 7072K [0x00000000d6e00000, 0x00000000dc480000, 0x0000000100000000)
  eden space 62464K, 0% used [0x00000000d6e00000,0x00000000d6e00000,0x00000000dab00000)
  from space 11264K, 62% used [0x00000000dab00000,0x00000000db1e8110,0x00000000db600000)
  to   space 11776K, 0% used [0x00000000db900000,0x00000000db900000,0x00000000dc480000)
 ParOldGen       total 121344K, used 28559K [0x0000000084a00000, 0x000000008c080000, 0x00000000d6e00000)
  object space 121344K, 23% used [0x0000000084a00000,0x00000000865e3d20,0x000000008c080000)
 Metaspace       used 71201K, capacity 75698K, committed 75864K, reserved 1114112K
  class space    used 9521K, capacity 10339K, committed 10368K, reserved 1048576K
}
Event: 4262.615 GC heap before
{Heap before GC invocations=150 (full 12):
 PSYoungGen      total 73728K, used 69536K [0x00000000d6e00000, 0x00000000dc480000, 0x0000000100000000)
  eden space 62464K, 100% used [0x00000000d6e00000,0x00000000dab00000,0x00000000dab00000)
  from space 11264K, 62% used [0x00000000dab00000,0x00000000db1e8110,0x00000000db600000)
  to   space 11776K, 0% used [0x00000000db900000,0x00000000db900000,0x00000000dc480000)
 ParOldGen       total 121344K, used 28559K [0x0000000084a00000, 0x000000008c080000, 0x00000000d6e00000)
  object space 121344K, 23% used [0x0000000084a00000,0x00000000865e3d20,0x000000008c080000)
 Metaspace       used 71201K, capacity 75698K, committed 75864K, reserved 1114112K
  class space    used 9521K, capacity 10339K, committed 10368K, reserved 1048576K
Event: 4262.620 GC heap after
Heap after GC invocations=150 (full 12):
 PSYoungGen      total 75776K, used 7523K [0x00000000d6e00000, 0x00000000dc400000, 0x0000000100000000)
  eden space 64512K, 0% used [0x00000000d6e00000,0x00000000d6e00000,0x00000000dad00000)
  from space 11264K, 66% used [0x00000000db900000,0x00000000dc058d08,0x00000000dc400000)
  to   space 11776K, 0% used [0x00000000dad00000,0x00000000dad00000,0x00000000db880000)
 ParOldGen       total 121344K, used 28559K [0x0000000084a00000, 0x000000008c080000, 0x00000000d6e00000)
  object space 121344K, 23% used [0x0000000084a00000,0x00000000865e3d20,0x000000008c080000)
 Metaspace       used 71201K, capacity 75698K, committed 75864K, reserved 1114112K
  class space    used 9521K, capacity 10339K, committed 10368K, reserved 1048576K
}
Event: 4288.477 GC heap before
{Heap before GC invocations=151 (full 12):
 PSYoungGen      total 75776K, used 72035K [0x00000000d6e00000, 0x00000000dc400000, 0x0000000100000000)
  eden space 64512K, 100% used [0x00000000d6e00000,0x00000000dad00000,0x00000000dad00000)
  from space 11264K, 66% used [0x00000000db900000,0x00000000dc058d08,0x00000000dc400000)
  to   space 11776K, 0% used [0x00000000dad00000,0x00000000dad00000,0x00000000db880000)
 ParOldGen       total 121344K, used 28559K [0x0000000084a00000, 0x000000008c080000, 0x00000000d6e00000)
  object space 121344K, 23% used [0x0000000084a00000,0x00000000865e3d20,0x000000008c080000)
 Metaspace       used 71201K, capacity 75698K, committed 75864K, reserved 1114112K
  class space    used 9521K, capacity 10339K, committed 10368K, reserved 1048576K
Event: 4288.482 GC heap after
Heap after GC invocations=151 (full 12):
 PSYoungGen      total 76288K, used 7075K [0x00000000d6e00000, 0x00000000dc580000, 0x0000000100000000)
  eden space 64512K, 0% used [0x00000000d6e00000,0x00000000d6e00000,0x00000000dad00000)
  from space 11776K, 60% used [0x00000000dad00000,0x00000000db3e8d08,0x00000000db880000)
  to   space 11776K, 0% used [0x00000000dba00000,0x00000000dba00000,0x00000000dc580000)
 ParOldGen       total 121344K, used 28559K [0x0000000084a00000, 0x000000008c080000, 0x00000000d6e00000)
  object space 121344K, 23% used [0x0000000084a00000,0x00000000865e3d20,0x000000008c080000)
 Metaspace       used 71201K, capacity 75698K, committed 75864K, reserved 1114112K
  class space    used 9521K, capacity 10339K, committed 10368K, reserved 1048576K
}
Event: 4297.609 GC heap before
{Heap before GC invocations=152 (full 12):
 PSYoungGen      total 76288K, used 35100K [0x00000000d6e00000, 0x00000000dc580000, 0x0000000100000000)
  eden space 64512K, 43% used [0x00000000d6e00000,0x00000000d895e470,0x00000000dad00000)
  from space 11776K, 60% used [0x00000000dad00000,0x00000000db3e8d08,0x00000000db880000)
  to   space 11776K, 0% used [0x00000000dba00000,0x00000000dba00000,0x00000000dc580000)
 ParOldGen       total 121344K, used 28559K [0x0000000084a00000, 0x000000008c080000, 0x00000000d6e00000)
  object space 121344K, 23% used [0x0000000084a00000,0x00000000865e3d20,0x000000008c080000)
 Metaspace       used 71333K, capacity 75928K, committed 76248K, reserved 1116160K
  class space    used 9527K, capacity 10373K, committed 10496K, reserved 1048576K

